TN:
SF:/Users/niroj/projects/obs/rtm-kit/packages/layout/src/index.js
FNF:0
FNH:0
LF:0
LH:0
BRF:0
BRH:0
end_of_record
TN:
SF:/Users/niroj/projects/obs/rtm-kit/packages/layout/src/block/index.js
FN:7,(anonymous_0)
FN:9,(anonymous_1)
FN:12,(anonymous_2)
FN:17,(anonymous_3)
FNF:4
FNH:4
FNDA:2,(anonymous_0)
FNDA:2,(anonymous_1)
FNDA:2,(anonymous_2)
FNDA:2,(anonymous_3)
DA:6,1
DA:7,2
DA:9,2
DA:12,2
DA:17,1
DA:18,2
DA:23,1
LF:7
LH:7
BRDA:7,0,0,1
BRDA:7,0,1,1
BRF:2
BRH:2
end_of_record
TN:
SF:/Users/niroj/projects/obs/rtm-kit/packages/layout/src/box/index.js
FN:8,(anonymous_0)
FN:9,(anonymous_1)
FN:12,(anonymous_2)
FN:13,(anonymous_3)
FN:16,(anonymous_4)
FNF:5
FNH:5
FNDA:7,(anonymous_0)
FNDA:7,(anonymous_1)
FNDA:7,(anonymous_2)
FNDA:7,(anonymous_3)
FNDA:7,(anonymous_4)
DA:7,1
DA:8,7
DA:10,7
DA:12,7
DA:13,7
DA:16,1
DA:17,7
DA:26,1
LF:8
LH:8
BRDA:8,0,0,7
BRDA:8,0,1,5
BRDA:10,1,0,7
BRDA:10,1,1,0
BRDA:12,2,0,7
BRDA:12,2,1,0
BRDA:17,3,0,4
BRDA:17,3,1,3
BRF:8
BRH:6
end_of_record
TN:
SF:/Users/niroj/projects/obs/rtm-kit/packages/layout/src/card/index.js
FN:7,(anonymous_0)
FN:8,(anonymous_1)
FN:11,(anonymous_2)
FNF:3
FNH:3
FNDA:4,(anonymous_0)
FNDA:4,(anonymous_1)
FNDA:4,(anonymous_2)
DA:6,1
DA:7,4
DA:8,4
DA:11,1
DA:12,4
DA:17,1
LF:6
LH:6
BRF:0
BRH:0
end_of_record
TN:
SF:/Users/niroj/projects/obs/rtm-kit/packages/layout/src/flex/index.js
FN:8,(anonymous_0)
FN:9,(anonymous_1)
FN:14,(anonymous_2)
FNF:3
FNH:3
FNDA:3,(anonymous_0)
FNDA:3,(anonymous_1)
FNDA:3,(anonymous_2)
DA:7,1
DA:8,3
DA:10,3
DA:14,1
DA:15,3
DA:26,1
LF:6
LH:6
BRDA:8,0,0,3
BRDA:8,0,1,2
BRDA:10,1,0,3
BRDA:10,1,1,1
BRDA:15,2,0,2
BRDA:15,2,1,1
BRF:6
BRH:6
end_of_record
TN:
SF:/Users/niroj/projects/obs/rtm-kit/packages/layout/src/pane/index.js
FN:7,(anonymous_0)
FN:9,(anonymous_1)
FN:13,(anonymous_2)
FNF:3
FNH:3
FNDA:5,(anonymous_0)
FNDA:5,(anonymous_1)
FNDA:5,(anonymous_2)
DA:6,1
DA:8,5
DA:10,5
DA:13,5
DA:15,1
LF:5
LH:5
BRDA:8,0,0,4
BRDA:8,0,1,1
BRDA:10,1,0,4
BRDA:10,1,1,1
BRF:4
BRH:4
end_of_record
TN:
SF:/Users/niroj/projects/obs/rtm-kit/packages/layout/src/topbordercard/index.js
FN:9,(anonymous_0)
FN:13,(anonymous_1)
FNF:2
FNH:2
FNDA:2,(anonymous_0)
FNDA:2,(anonymous_1)
DA:7,1
DA:9,2
DA:13,2
DA:15,1
LF:4
LH:4
BRF:0
BRH:0
end_of_record
TN:
SF:/Users/niroj/projects/obs/rtm-kit/packages/layout/src/util/helpers.js
FN:4,getSize
FN:11,useWindowSize
FN:14,handleResize
FN:20,(anonymous_3)
FN:22,(anonymous_4)
FN:45,scrollToElementExtended
FN:63,scrollToElement
FN:73,useElementVisible
FN:77,(anonymous_8)
FN:81,handleScroll
FN:87,(anonymous_10)
FN:89,(anonymous_11)
FN:129,generateAbsoluteUrl
FNF:13
FNH:13
FNDA:3,getSize
FNDA:2,useWindowSize
FNDA:1,handleResize
FNDA:2,(anonymous_3)
FNDA:2,(anonymous_4)
FNDA:1,scrollToElementExtended
FNDA:2,scrollToElement
FNDA:3,useElementVisible
FNDA:2,(anonymous_8)
FNDA:4,handleScroll
FNDA:2,(anonymous_10)
FNDA:2,(anonymous_11)
FNDA:4,generateAbsoluteUrl
DA:5,3
DA:12,2
DA:15,1
DA:18,2
DA:20,2
DA:21,2
DA:22,2
DA:23,2
DA:27,2
DA:46,1
DA:47,1
DA:49,1
DA:52,1
DA:55,1
DA:64,2
DA:65,1
DA:67,2
DA:68,2
DA:70,2
DA:74,3
DA:77,3
DA:78,2
DA:82,4
DA:85,3
DA:87,3
DA:88,2
DA:89,2
DA:90,2
DA:94,3
DA:130,4
DA:135,2
DA:136,2
DA:137,1
DA:139,1
LF:34
LH:34
BRDA:46,0,0,1
BRDA:46,0,1,0
BRDA:49,1,0,1
BRDA:49,1,1,0
BRDA:56,2,0,1
BRDA:56,2,1,1
BRDA:57,3,0,1
BRDA:57,3,1,1
BRDA:58,4,0,1
BRDA:58,4,1,1
BRDA:59,5,0,1
BRDA:59,5,1,1
BRDA:64,6,0,1
BRDA:64,6,1,1
BRDA:130,7,0,2
BRDA:130,7,1,2
BRDA:131,8,0,4
BRDA:131,8,1,4
BRDA:131,8,2,3
BRDA:136,9,0,1
BRDA:136,9,1,1
BRDA:136,10,0,2
BRDA:136,10,1,2
BRF:23
BRH:21
end_of_record
