<?xml version="1.0" encoding="UTF-8"?>
<coverage generated="1745297968367" clover="3.2.0">
  <project timestamp="1745297968367" name="All files">
    <metrics statements="338" coveredstatements="324" conditionals="197" coveredconditionals="174" methods="65" coveredmethods="63" elements="600" coveredelements="561" complexity="0" loc="338" ncloc="338" packages="1" files="9" classes="9"/>
    <file name="bing.js" path="/Users/niroj/projects/obs/rtm-kit/packages/tracker/src/bing.js">
      <metrics statements="12" coveredstatements="11" conditionals="10" coveredconditionals="9" methods="4" coveredmethods="4"/>
      <line num="10" count="14" type="stmt"/>
      <line num="11" count="14" type="stmt"/>
      <line num="13" count="14" type="stmt"/>
      <line num="14" count="85" type="stmt"/>
      <line num="16" count="14" type="stmt"/>
      <line num="18" count="32" type="cond" truecount="4" falsecount="0"/>
      <line num="21" count="11" type="cond" truecount="1" falsecount="1"/>
      <line num="22" count="0" type="stmt"/>
      <line num="24" count="58" type="cond" truecount="2" falsecount="0"/>
      <line num="25" count="11" type="stmt"/>
      <line num="26" count="11" type="cond" truecount="2" falsecount="0"/>
      <line num="27" count="10" type="stmt"/>
    </file>
    <file name="facebook.js" path="/Users/niroj/projects/obs/rtm-kit/packages/tracker/src/facebook.js">
      <metrics statements="32" coveredstatements="31" conditionals="32" coveredconditionals="31" methods="10" coveredmethods="10"/>
      <line num="21" count="2" type="stmt"/>
      <line num="23" count="9" type="cond" truecount="2" falsecount="0"/>
      <line num="25" count="6" type="stmt"/>
      <line num="31" count="2" type="stmt"/>
      <line num="36" count="2" type="stmt"/>
      <line num="37" count="9" type="stmt"/>
      <line num="45" count="2" type="stmt"/>
      <line num="46" count="1" type="stmt"/>
      <line num="54" count="2" type="stmt"/>
      <line num="60" count="2" type="stmt"/>
      <line num="61" count="9" type="stmt"/>
      <line num="62" count="39" type="stmt"/>
      <line num="63" count="39" type="cond" truecount="2" falsecount="0"/>
      <line num="64" count="39" type="stmt"/>
      <line num="67" count="2" type="stmt"/>
      <line num="68" count="9" type="cond" truecount="2" falsecount="0"/>
      <line num="72" count="9" type="stmt"/>
      <line num="74" count="9" type="stmt"/>
      <line num="75" count="9" type="stmt"/>
      <line num="77" count="9" type="cond" truecount="2" falsecount="0"/>
      <line num="78" count="2" type="stmt"/>
      <line num="79" count="2" type="stmt"/>
      <line num="85" count="9" type="stmt"/>
      <line num="90" count="9" type="stmt"/>
      <line num="91" count="46" type="stmt"/>
      <line num="93" count="9" type="stmt"/>
      <line num="95" count="9" type="cond" truecount="1" falsecount="1"/>
      <line num="96" count="17" type="cond" truecount="4" falsecount="0"/>
      <line num="99" count="0" type="stmt"/>
      <line num="102" count="46" type="cond" truecount="2" falsecount="0"/>
      <line num="103" count="9" type="stmt"/>
      <line num="104" count="9" type="stmt"/>
    </file>
    <file name="fbConversions.js" path="/Users/niroj/projects/obs/rtm-kit/packages/tracker/src/fbConversions.js">
      <metrics statements="16" coveredstatements="13" conditionals="8" coveredconditionals="6" methods="4" coveredmethods="3"/>
      <line num="3" count="2" type="stmt"/>
      <line num="4" count="12" type="stmt"/>
      <line num="5" count="12" type="stmt"/>
      <line num="6" count="12" type="stmt"/>
      <line num="7" count="12" type="stmt"/>
      <line num="9" count="12" type="cond" truecount="4" falsecount="0"/>
      <line num="10" count="1" type="stmt"/>
      <line num="23" count="1" type="stmt"/>
      <line num="26" count="0" type="stmt"/>
      <line num="27" count="0" type="stmt"/>
      <line num="29" count="1" type="stmt"/>
      <line num="31" count="11" type="stmt"/>
      <line num="36" count="12" type="stmt"/>
      <line num="37" count="12" type="cond" truecount="2" falsecount="2"/>
      <line num="38" count="12" type="stmt"/>
      <line num="40" count="0" type="stmt"/>
    </file>
    <file name="funnel.js" path="/Users/niroj/projects/obs/rtm-kit/packages/tracker/src/funnel.js">
      <metrics statements="24" coveredstatements="24" conditionals="9" coveredconditionals="8" methods="12" coveredmethods="12"/>
      <line num="1" count="2" type="stmt"/>
      <line num="3" count="2" type="stmt"/>
      <line num="4" count="15" type="stmt"/>
      <line num="12" count="15" type="stmt"/>
      <line num="17" count="2" type="cond" truecount="1" falsecount="0"/>
      <line num="18" count="6" type="stmt"/>
      <line num="20" count="3" type="stmt"/>
      <line num="35" count="2" type="stmt"/>
      <line num="38" count="5" type="stmt"/>
      <line num="46" count="5" type="stmt"/>
      <line num="56" count="5" type="cond" truecount="2" falsecount="0"/>
      <line num="59" count="2" type="stmt"/>
      <line num="67" count="3" type="stmt"/>
      <line num="75" count="3" type="stmt"/>
      <line num="85" count="5" type="stmt"/>
      <line num="95" count="5" type="stmt"/>
      <line num="105" count="5" type="stmt"/>
      <line num="118" count="19" type="cond" truecount="2" falsecount="0"/>
      <line num="119" count="19" type="cond" truecount="1" falsecount="1"/>
      <line num="120" count="19" type="stmt"/>
      <line num="121" count="19" type="cond" truecount="2" falsecount="0"/>
      <line num="122" count="15" type="stmt"/>
      <line num="123" count="15" type="stmt"/>
      <line num="124" count="15" type="stmt"/>
    </file>
    <file name="google.js" path="/Users/niroj/projects/obs/rtm-kit/packages/tracker/src/google.js">
      <metrics statements="16" coveredstatements="16" conditionals="14" coveredconditionals="14" methods="4" coveredmethods="4"/>
      <line num="10" count="30" type="stmt"/>
      <line num="11" count="30" type="stmt"/>
      <line num="13" count="30" type="stmt"/>
      <line num="14" count="178" type="stmt"/>
      <line num="16" count="30" type="stmt"/>
      <line num="17" count="30" type="cond" truecount="2" falsecount="0"/>
      <line num="18" count="71" type="cond" truecount="4" falsecount="0"/>
      <line num="21" count="1" type="stmt"/>
      <line num="23" count="29" type="cond" truecount="2" falsecount="0"/>
      <line num="24" count="2" type="stmt"/>
      <line num="27" count="147" type="cond" truecount="2" falsecount="0"/>
      <line num="28" count="29" type="stmt"/>
      <line num="29" count="29" type="cond" truecount="2" falsecount="0"/>
      <line num="30" count="26" type="stmt"/>
      <line num="35" count="29" type="cond" truecount="2" falsecount="0"/>
      <line num="36" count="26" type="stmt"/>
    </file>
    <file name="index.js" path="/Users/niroj/projects/obs/rtm-kit/packages/tracker/src/index.js">
      <metrics statements="148" coveredstatements="142" conditionals="61" coveredconditionals="49" methods="11" coveredmethods="10"/>
      <line num="13" count="1" type="stmt"/>
      <line num="15" count="1" type="stmt"/>
      <line num="16" count="18" type="stmt"/>
      <line num="17" count="18" type="stmt"/>
      <line num="19" count="4" type="stmt"/>
      <line num="23" count="1" type="stmt"/>
      <line num="24" count="3" type="stmt"/>
      <line num="25" count="3" type="stmt"/>
      <line num="26" count="3" type="stmt"/>
      <line num="27" count="3" type="stmt"/>
      <line num="28" count="3" type="stmt"/>
      <line num="29" count="3" type="stmt"/>
      <line num="30" count="3" type="stmt"/>
      <line num="33" count="1" type="stmt"/>
      <line num="34" count="2" type="stmt"/>
      <line num="35" count="2" type="cond" truecount="1" falsecount="1"/>
      <line num="36" count="2" type="stmt"/>
      <line num="40" count="1" type="stmt"/>
      <line num="45" count="1" type="stmt"/>
      <line num="46" count="1" type="stmt"/>
      <line num="47" count="1" type="stmt"/>
      <line num="48" count="1" type="stmt"/>
      <line num="54" count="1" type="stmt"/>
      <line num="55" count="2" type="stmt"/>
      <line num="56" count="2" type="stmt"/>
      <line num="58" count="2" type="stmt"/>
      <line num="59" count="2" type="cond" truecount="2" falsecount="0"/>
      <line num="62" count="2" type="cond" truecount="5" falsecount="0"/>
      <line num="63" count="1" type="stmt"/>
      <line num="64" count="1" type="stmt"/>
      <line num="66" count="2" type="stmt"/>
      <line num="71" count="1" type="stmt"/>
      <line num="79" count="0" type="stmt"/>
      <line num="91" count="3" type="stmt"/>
      <line num="92" count="3" type="stmt"/>
      <line num="95" count="3" type="stmt"/>
      <line num="97" count="3" type="stmt"/>
      <line num="99" count="3" type="cond" truecount="2" falsecount="1"/>
      <line num="103" count="3" type="cond" truecount="2" falsecount="1"/>
      <line num="107" count="3" type="cond" truecount="2" falsecount="0"/>
      <line num="108" count="1" type="stmt"/>
      <line num="109" count="1" type="stmt"/>
      <line num="123" count="1" type="stmt"/>
      <line num="127" count="3" type="cond" truecount="1" falsecount="1"/>
      <line num="128" count="3" type="stmt"/>
      <line num="129" count="3" type="stmt"/>
      <line num="136" count="3" type="stmt"/>
      <line num="140" count="3" type="cond" truecount="2" falsecount="0"/>
      <line num="141" count="1" type="stmt"/>
      <line num="142" count="1" type="stmt"/>
      <line num="143" count="1" type="stmt"/>
      <line num="145" count="1" type="stmt"/>
      <line num="150" count="1" type="stmt"/>
      <line num="151" count="1" type="stmt"/>
      <line num="152" count="1" type="stmt"/>
      <line num="153" count="1" type="stmt"/>
      <line num="156" count="1" type="stmt"/>
      <line num="161" count="1" type="stmt"/>
      <line num="162" count="1" type="stmt"/>
      <line num="184" count="3" type="cond" truecount="1" falsecount="1"/>
      <line num="185" count="3" type="stmt"/>
      <line num="186" count="3" type="stmt"/>
      <line num="187" count="3" type="stmt"/>
      <line num="190" count="3" type="stmt"/>
      <line num="192" count="3" type="stmt"/>
      <line num="193" count="3" type="cond" truecount="1" falsecount="1"/>
      <line num="194" count="0" type="stmt"/>
      <line num="198" count="3" type="stmt"/>
      <line num="199" count="3" type="stmt"/>
      <line num="206" count="3" type="stmt"/>
      <line num="209" count="3" type="cond" truecount="2" falsecount="0"/>
      <line num="211" count="1" type="stmt"/>
      <line num="212" count="1" type="stmt"/>
      <line num="213" count="1" type="stmt"/>
      <line num="228" count="1" type="stmt"/>
      <line num="231" count="3" type="cond" truecount="1" falsecount="1"/>
      <line num="233" count="3" type="stmt"/>
      <line num="234" count="3" type="stmt"/>
      <line num="235" count="3" type="stmt"/>
      <line num="239" count="3" type="stmt"/>
      <line num="242" count="3" type="cond" truecount="1" falsecount="1"/>
      <line num="243" count="3" type="stmt"/>
      <line num="244" count="3" type="stmt"/>
      <line num="249" count="3" type="stmt"/>
      <line num="252" count="3" type="cond" truecount="2" falsecount="0"/>
      <line num="253" count="1" type="stmt"/>
      <line num="254" count="1" type="stmt"/>
      <line num="271" count="1" type="stmt"/>
      <line num="274" count="3" type="cond" truecount="1" falsecount="1"/>
      <line num="276" count="3" type="stmt"/>
      <line num="278" count="3" type="stmt"/>
      <line num="279" count="3" type="stmt"/>
      <line num="289" count="3" type="stmt"/>
      <line num="292" count="3" type="cond" truecount="1" falsecount="1"/>
      <line num="293" count="0" type="stmt"/>
      <line num="296" count="3" type="cond" truecount="2" falsecount="0"/>
      <line num="297" count="1" type="stmt"/>
      <line num="298" count="1" type="stmt"/>
      <line num="299" count="1" type="stmt"/>
      <line num="301" count="1" type="stmt"/>
      <line num="302" count="1" type="stmt"/>
      <line num="305" count="3" type="cond" truecount="2" falsecount="0"/>
      <line num="307" count="1" type="stmt"/>
      <line num="308" count="1" type="stmt"/>
      <line num="309" count="1" type="stmt"/>
      <line num="311" count="1" type="stmt"/>
      <line num="313" count="1" type="stmt"/>
      <line num="314" count="1" type="stmt"/>
      <line num="315" count="1" type="stmt"/>
      <line num="318" count="1" type="stmt"/>
      <line num="319" count="1" type="stmt"/>
      <line num="322" count="3" type="cond" truecount="2" falsecount="0"/>
      <line num="324" count="1" type="stmt"/>
      <line num="325" count="1" type="stmt"/>
      <line num="330" count="1" type="cond" truecount="3" falsecount="1"/>
      <line num="331" count="1" type="stmt"/>
      <line num="337" count="1" type="stmt"/>
      <line num="347" count="1" type="stmt"/>
      <line num="354" count="1" type="stmt"/>
      <line num="355" count="1" type="stmt"/>
      <line num="358" count="3" type="cond" truecount="2" falsecount="0"/>
      <line num="360" count="1" type="stmt"/>
      <line num="361" count="1" type="stmt"/>
      <line num="379" count="1" type="stmt"/>
      <line num="380" count="1" type="stmt"/>
      <line num="384" count="3" type="cond" truecount="2" falsecount="0"/>
      <line num="385" count="1" type="stmt"/>
      <line num="386" count="1" type="stmt"/>
      <line num="387" count="1" type="stmt"/>
      <line num="401" count="1" type="stmt"/>
      <line num="402" count="1" type="stmt"/>
      <line num="407" count="3" type="cond" truecount="2" falsecount="0"/>
      <line num="412" count="2" type="stmt"/>
      <line num="413" count="2" type="stmt"/>
      <line num="421" count="2" type="stmt"/>
      <line num="423" count="2" type="cond" truecount="1" falsecount="1"/>
      <line num="430" count="2" type="stmt"/>
      <line num="431" count="2" type="stmt"/>
      <line num="437" count="2" type="stmt"/>
      <line num="438" count="2" type="stmt"/>
      <line num="441" count="0" type="stmt"/>
      <line num="442" count="0" type="stmt"/>
      <line num="448" count="0" type="stmt"/>
      <line num="451" count="1" type="stmt"/>
      <line num="456" count="3" type="stmt"/>
      <line num="457" count="6" type="stmt"/>
      <line num="464" count="1" type="stmt"/>
      <line num="468" count="1" type="stmt"/>
    </file>
    <file name="pageViewHelper.js" path="/Users/niroj/projects/obs/rtm-kit/packages/tracker/src/pageViewHelper.js">
      <metrics statements="30" coveredstatements="29" conditionals="33" coveredconditionals="32" methods="8" coveredmethods="8"/>
      <line num="2" count="6" type="stmt"/>
      <line num="31" count="6" type="stmt"/>
      <line num="50" count="6" type="cond" truecount="1" falsecount="0"/>
      <line num="51" count="174" type="cond" truecount="2" falsecount="0"/>
      <line num="52" count="68" type="stmt"/>
      <line num="54" count="174" type="stmt"/>
      <line num="55" count="651" type="cond" truecount="4" falsecount="0"/>
      <line num="59" count="6" type="stmt"/>
      <line num="60" count="44" type="stmt"/>
      <line num="67" count="44" type="cond" truecount="2" falsecount="0"/>
      <line num="72" count="44" type="stmt"/>
      <line num="78" count="44" type="stmt"/>
      <line num="81" count="6" type="stmt"/>
      <line num="86" count="6" type="cond" truecount="1" falsecount="0"/>
      <line num="88" count="174" type="cond" truecount="2" falsecount="0"/>
      <line num="95" count="34" type="stmt"/>
      <line num="102" count="140" type="cond" truecount="2" falsecount="0"/>
      <line num="103" count="140" type="stmt"/>
      <line num="106" count="6" type="stmt"/>
      <line num="107" count="87" type="cond" truecount="2" falsecount="0"/>
      <line num="110" count="6" type="stmt"/>
      <line num="111" count="6" type="stmt"/>
      <line num="112" count="6" type="cond" truecount="1" falsecount="1"/>
      <line num="113" count="0" type="stmt"/>
      <line num="114" count="6" type="cond" truecount="4" falsecount="0"/>
      <line num="115" count="3" type="stmt"/>
      <line num="117" count="3" type="stmt"/>
      <line num="118" count="3" type="stmt"/>
      <line num="122" count="6" type="stmt"/>
      <line num="123" count="579" type="cond" truecount="2" falsecount="0"/>
    </file>
    <file name="tiktok.js" path="/Users/niroj/projects/obs/rtm-kit/packages/tracker/src/tiktok.js">
      <metrics statements="46" coveredstatements="44" conditionals="18" coveredconditionals="13" methods="8" coveredmethods="8"/>
      <line num="10" count="2" type="stmt"/>
      <line num="12" count="2" type="stmt"/>
      <line num="13" count="6" type="stmt"/>
      <line num="14" count="6" type="stmt"/>
      <line num="15" count="6" type="stmt"/>
      <line num="16" count="6" type="stmt"/>
      <line num="17" count="6" type="stmt"/>
      <line num="18" count="6" type="stmt"/>
      <line num="19" count="6" type="stmt"/>
      <line num="20" count="6" type="stmt"/>
      <line num="21" count="6" type="stmt"/>
      <line num="22" count="6" type="stmt"/>
      <line num="23" count="6" type="stmt"/>
      <line num="24" count="6" type="stmt"/>
      <line num="25" count="6" type="stmt"/>
      <line num="26" count="6" type="stmt"/>
      <line num="64" count="2" type="stmt"/>
      <line num="65" count="6" type="stmt"/>
      <line num="66" count="6" type="stmt"/>
      <line num="67" count="6" type="stmt"/>
      <line num="68" count="6" type="stmt"/>
      <line num="69" count="6" type="stmt"/>
      <line num="72" count="6" type="cond" truecount="4" falsecount="0"/>
      <line num="74" count="3" type="stmt"/>
      <line num="75" count="3" type="stmt"/>
      <line num="106" count="2" type="stmt"/>
      <line num="109" count="1" type="stmt"/>
      <line num="110" count="1" type="stmt"/>
      <line num="112" count="3" type="stmt"/>
      <line num="114" count="3" type="stmt"/>
      <line num="120" count="6" type="stmt"/>
      <line num="121" count="6" type="stmt"/>
      <line num="123" count="6" type="cond" truecount="1" falsecount="1"/>
      <line num="124" count="0" type="stmt"/>
      <line num="125" count="0" type="stmt"/>
      <line num="131" count="6" type="stmt"/>
      <line num="132" count="31" type="stmt"/>
      <line num="134" count="6" type="stmt"/>
      <line num="136" count="6" type="cond" truecount="2" falsecount="0"/>
      <line num="137" count="10" type="cond" truecount="4" falsecount="0"/>
      <line num="140" count="1" type="stmt"/>
      <line num="143" count="26" type="cond" truecount="2" falsecount="0"/>
      <line num="144" count="5" type="stmt"/>
      <line num="145" count="5" type="stmt"/>
      <line num="146" count="5" type="stmt"/>
      <line num="147" count="5" type="stmt"/>
    </file>
    <file name="twitter.js" path="/Users/niroj/projects/obs/rtm-kit/packages/tracker/src/twitter.js">
      <metrics statements="14" coveredstatements="14" conditionals="12" coveredconditionals="12" methods="4" coveredmethods="4"/>
      <line num="10" count="28" type="stmt"/>
      <line num="11" count="28" type="stmt"/>
      <line num="13" count="28" type="stmt"/>
      <line num="14" count="171" type="stmt"/>
      <line num="16" count="28" type="stmt"/>
      <line num="17" count="28" type="cond" truecount="2" falsecount="0"/>
      <line num="18" count="66" type="cond" truecount="4" falsecount="0"/>
      <line num="21" count="1" type="stmt"/>
      <line num="23" count="27" type="cond" truecount="2" falsecount="0"/>
      <line num="24" count="2" type="stmt"/>
      <line num="27" count="140" type="cond" truecount="2" falsecount="0"/>
      <line num="28" count="27" type="stmt"/>
      <line num="29" count="27" type="cond" truecount="2" falsecount="0"/>
      <line num="30" count="24" type="stmt"/>
    </file>
  </project>
</coverage>
