{"total": {"lines":{"total":338,"covered":324,"skipped":0,"pct":95.86},"statements":{"total":346,"covered":332,"skipped":0,"pct":95.95},"functions":{"total":65,"covered":63,"skipped":0,"pct":96.92},"branches":{"total":197,"covered":174,"skipped":0,"pct":88.32}}
,"/Users/niroj/projects/obs/rtm-kit/packages/tracker/src/bing.js": {"lines":{"total":12,"covered":11,"skipped":0,"pct":91.67},"functions":{"total":4,"covered":4,"skipped":0,"pct":100},"statements":{"total":14,"covered":13,"skipped":0,"pct":92.86},"branches":{"total":10,"covered":9,"skipped":0,"pct":90}}
,"/Users/niroj/projects/obs/rtm-kit/packages/tracker/src/facebook.js": {"lines":{"total":32,"covered":31,"skipped":0,"pct":96.88},"functions":{"total":10,"covered":10,"skipped":0,"pct":100},"statements":{"total":34,"covered":33,"skipped":0,"pct":97.06},"branches":{"total":32,"covered":31,"skipped":0,"pct":96.88}}
,"/Users/niroj/projects/obs/rtm-kit/packages/tracker/src/fbConversions.js": {"lines":{"total":16,"covered":13,"skipped":0,"pct":81.25},"functions":{"total":4,"covered":3,"skipped":0,"pct":75},"statements":{"total":16,"covered":13,"skipped":0,"pct":81.25},"branches":{"total":8,"covered":6,"skipped":0,"pct":75}}
,"/Users/niroj/projects/obs/rtm-kit/packages/tracker/src/funnel.js": {"lines":{"total":24,"covered":24,"skipped":0,"pct":100},"functions":{"total":12,"covered":12,"skipped":0,"pct":100},"statements":{"total":24,"covered":24,"skipped":0,"pct":100},"branches":{"total":9,"covered":8,"skipped":0,"pct":88.89}}
,"/Users/niroj/projects/obs/rtm-kit/packages/tracker/src/google.js": {"lines":{"total":16,"covered":16,"skipped":0,"pct":100},"functions":{"total":4,"covered":4,"skipped":0,"pct":100},"statements":{"total":17,"covered":17,"skipped":0,"pct":100},"branches":{"total":14,"covered":14,"skipped":0,"pct":100}}
,"/Users/niroj/projects/obs/rtm-kit/packages/tracker/src/index.js": {"lines":{"total":148,"covered":142,"skipped":0,"pct":95.95},"functions":{"total":11,"covered":10,"skipped":0,"pct":90.91},"statements":{"total":148,"covered":142,"skipped":0,"pct":95.95},"branches":{"total":61,"covered":49,"skipped":0,"pct":80.33}}
,"/Users/niroj/projects/obs/rtm-kit/packages/tracker/src/pageViewHelper.js": {"lines":{"total":30,"covered":29,"skipped":0,"pct":96.67},"functions":{"total":8,"covered":8,"skipped":0,"pct":100},"statements":{"total":31,"covered":30,"skipped":0,"pct":96.77},"branches":{"total":33,"covered":32,"skipped":0,"pct":96.97}}
,"/Users/niroj/projects/obs/rtm-kit/packages/tracker/src/tiktok.js": {"lines":{"total":46,"covered":44,"skipped":0,"pct":95.65},"functions":{"total":8,"covered":8,"skipped":0,"pct":100},"statements":{"total":47,"covered":45,"skipped":0,"pct":95.74},"branches":{"total":18,"covered":13,"skipped":0,"pct":72.22}}
,"/Users/niroj/projects/obs/rtm-kit/packages/tracker/src/twitter.js": {"lines":{"total":14,"covered":14,"skipped":0,"pct":100},"functions":{"total":4,"covered":4,"skipped":0,"pct":100},"statements":{"total":15,"covered":15,"skipped":0,"pct":100},"branches":{"total":12,"covered":12,"skipped":0,"pct":100}}
}
