TN:
SF:/Users/niroj/projects/obs/rtm-kit/packages/tracker/src/bing.js
FN:9,(anonymous_0)
FN:14,(anonymous_1)
FN:18,(anonymous_2)
FN:24,(anonymous_3)
FNF:4
FNH:4
FNDA:14,(anonymous_0)
FNDA:85,(anonymous_1)
FNDA:32,(anonymous_2)
FNDA:58,(anonymous_3)
DA:10,14
DA:11,14
DA:13,14
DA:14,85
DA:16,14
DA:18,32
DA:21,11
DA:22,0
DA:24,58
DA:25,11
DA:26,11
DA:27,10
LF:12
LH:11
BRDA:18,0,0,3
BRDA:18,0,1,11
BRDA:18,1,0,32
BRDA:18,1,1,29
BRDA:21,2,0,0
BRDA:21,2,1,11
BRDA:24,3,0,58
BRDA:24,3,1,39
BRDA:26,4,0,10
BRDA:26,4,1,1
BRF:10
BRH:9
end_of_record
TN:
SF:/Users/niroj/projects/obs/rtm-kit/packages/tracker/src/facebook.js
FN:21,(anonymous_0)
FN:36,(anonymous_1)
FN:45,(anonymous_2)
FN:60,(anonymous_3)
FN:61,(anonymous_4)
FN:67,(anonymous_5)
FN:71,(anonymous_6)
FN:91,(anonymous_7)
FN:96,(anonymous_8)
FN:102,(anonymous_9)
FNF:10
FNH:10
FNDA:9,(anonymous_0)
FNDA:9,(anonymous_1)
FNDA:1,(anonymous_2)
FNDA:9,(anonymous_3)
FNDA:39,(anonymous_4)
FNDA:9,(anonymous_5)
FNDA:9,(anonymous_6)
FNDA:46,(anonymous_7)
FNDA:17,(anonymous_8)
FNDA:46,(anonymous_9)
DA:21,2
DA:23,9
DA:25,6
DA:31,2
DA:36,2
DA:37,9
DA:45,2
DA:46,1
DA:54,2
DA:60,2
DA:61,9
DA:62,39
DA:63,39
DA:64,39
DA:67,2
DA:68,9
DA:72,9
DA:74,9
DA:75,9
DA:77,9
DA:78,2
DA:79,2
DA:85,9
DA:90,9
DA:91,46
DA:93,9
DA:95,9
DA:96,17
DA:99,0
DA:102,46
DA:103,9
DA:104,9
LF:32
LH:31
BRDA:23,0,0,6
BRDA:23,0,1,3
BRDA:39,1,0,9
BRDA:39,1,1,3
BRDA:40,2,0,9
BRDA:40,2,1,3
BRDA:48,3,0,1
BRDA:48,3,1,1
BRDA:49,4,0,1
BRDA:49,4,1,1
BRDA:50,5,0,1
BRDA:50,5,1,1
BRDA:63,6,0,20
BRDA:63,6,1,19
BRDA:68,7,0,9
BRDA:68,7,1,8
BRDA:77,8,0,2
BRDA:77,8,1,7
BRDA:80,9,0,1
BRDA:80,9,1,1
BRDA:80,10,0,2
BRDA:80,10,1,2
BRDA:86,11,0,9
BRDA:86,11,1,5
BRDA:95,12,0,0
BRDA:95,12,1,9
BRDA:96,13,0,9
BRDA:96,13,1,2
BRDA:96,14,0,17
BRDA:96,14,1,15
BRDA:102,15,0,46
BRDA:102,15,1,21
BRF:32
BRH:31
end_of_record
TN:
SF:/Users/niroj/projects/obs/rtm-kit/packages/tracker/src/fbConversions.js
FN:3,(anonymous_0)
FN:22,(anonymous_1)
FN:25,(anonymous_2)
FN:35,getFbClientId
FNF:4
FNH:3
FNDA:12,(anonymous_0)
FNDA:1,(anonymous_1)
FNDA:0,(anonymous_2)
FNDA:12,getFbClientId
DA:3,2
DA:4,12
DA:5,12
DA:6,12
DA:7,12
DA:9,12
DA:10,1
DA:23,1
DA:26,0
DA:27,0
DA:29,1
DA:31,11
DA:36,12
DA:37,12
DA:38,12
DA:40,0
LF:16
LH:13
BRDA:9,0,0,1
BRDA:9,0,1,11
BRDA:9,1,0,12
BRDA:9,1,1,3
BRDA:37,2,0,12
BRDA:37,2,1,0
BRDA:37,3,0,12
BRDA:37,3,1,0
BRF:8
BRH:6
end_of_record
TN:
SF:/Users/niroj/projects/obs/rtm-kit/packages/tracker/src/funnel.js
FN:3,(anonymous_0)
FN:12,(anonymous_1)
FN:17,(anonymous_2)
FN:19,(anonymous_3)
FN:37,(anonymous_4)
FN:45,(anonymous_5)
FN:55,(anonymous_6)
FN:74,(anonymous_7)
FN:84,(anonymous_8)
FN:94,(anonymous_9)
FN:104,(anonymous_10)
FN:116,(anonymous_11)
FNF:12
FNH:12
FNDA:15,(anonymous_0)
FNDA:1,(anonymous_1)
FNDA:6,(anonymous_2)
FNDA:3,(anonymous_3)
FNDA:5,(anonymous_4)
FNDA:5,(anonymous_5)
FNDA:5,(anonymous_6)
FNDA:3,(anonymous_7)
FNDA:5,(anonymous_8)
FNDA:5,(anonymous_9)
FNDA:5,(anonymous_10)
FNDA:19,(anonymous_11)
DA:1,2
DA:3,2
DA:4,15
DA:12,15
DA:17,2
DA:18,6
DA:20,3
DA:35,2
DA:38,5
DA:46,5
DA:56,5
DA:59,2
DA:67,3
DA:75,3
DA:85,5
DA:95,5
DA:105,5
DA:118,19
DA:119,19
DA:120,19
DA:121,19
DA:122,15
DA:123,15
DA:124,15
LF:24
LH:24
BRDA:17,0,0,4
BRDA:56,1,0,2
BRDA:56,1,1,3
BRDA:118,2,0,19
BRDA:118,2,1,5
BRDA:119,3,0,19
BRDA:119,3,1,0
BRDA:121,4,0,15
BRDA:121,4,1,4
BRF:9
BRH:8
end_of_record
TN:
SF:/Users/niroj/projects/obs/rtm-kit/packages/tracker/src/google.js
FN:9,(anonymous_0)
FN:14,(anonymous_1)
FN:18,(anonymous_2)
FN:27,(anonymous_3)
FNF:4
FNH:4
FNDA:30,(anonymous_0)
FNDA:178,(anonymous_1)
FNDA:71,(anonymous_2)
FNDA:147,(anonymous_3)
DA:10,30
DA:11,30
DA:13,30
DA:14,178
DA:16,30
DA:17,30
DA:18,71
DA:21,1
DA:23,29
DA:24,2
DA:27,147
DA:28,29
DA:29,29
DA:30,26
DA:35,29
DA:36,26
LF:16
LH:16
BRDA:17,0,0,1
BRDA:17,0,1,29
BRDA:18,1,0,30
BRDA:18,1,1,3
BRDA:18,2,0,71
BRDA:18,2,1,68
BRDA:23,3,0,2
BRDA:23,3,1,27
BRDA:27,4,0,147
BRDA:27,4,1,97
BRDA:29,5,0,26
BRDA:29,5,1,3
BRDA:35,6,0,26
BRDA:35,6,1,3
BRF:14
BRH:14
end_of_record
TN:
SF:/Users/niroj/projects/obs/rtm-kit/packages/tracker/src/index.js
FN:15,(anonymous_0)
FN:23,(anonymous_1)
FN:33,(anonymous_2)
FN:45,(anonymous_3)
FN:54,(anonymous_4)
FN:57,(anonymous_5)
FN:71,(anonymous_6)
FN:89,(anonymous_7)
FN:97,(anonymous_8)
FN:455,(anonymous_9)
FN:457,(anonymous_10)
FNF:11
FNH:10
FNDA:18,(anonymous_0)
FNDA:3,(anonymous_1)
FNDA:2,(anonymous_2)
FNDA:1,(anonymous_3)
FNDA:2,(anonymous_4)
FNDA:2,(anonymous_5)
FNDA:0,(anonymous_6)
FNDA:3,(anonymous_7)
FNDA:3,(anonymous_8)
FNDA:3,(anonymous_9)
FNDA:6,(anonymous_10)
DA:13,1
DA:15,1
DA:16,18
DA:17,18
DA:19,4
DA:23,1
DA:24,3
DA:25,3
DA:26,3
DA:27,3
DA:28,3
DA:29,3
DA:30,3
DA:33,1
DA:34,2
DA:35,2
DA:36,2
DA:40,1
DA:45,1
DA:46,1
DA:47,1
DA:48,1
DA:54,1
DA:55,2
DA:56,2
DA:58,2
DA:59,2
DA:62,2
DA:63,1
DA:64,1
DA:66,2
DA:71,1
DA:79,0
DA:91,3
DA:92,3
DA:95,3
DA:97,3
DA:99,3
DA:103,3
DA:107,3
DA:108,1
DA:109,1
DA:123,1
DA:127,3
DA:128,3
DA:129,3
DA:136,3
DA:140,3
DA:141,1
DA:142,1
DA:143,1
DA:145,1
DA:150,1
DA:151,1
DA:152,1
DA:153,1
DA:156,1
DA:161,1
DA:162,1
DA:184,3
DA:185,3
DA:186,3
DA:187,3
DA:190,3
DA:192,3
DA:193,3
DA:194,0
DA:198,3
DA:199,3
DA:206,3
DA:209,3
DA:211,1
DA:212,1
DA:213,1
DA:228,1
DA:231,3
DA:233,3
DA:234,3
DA:235,3
DA:239,3
DA:242,3
DA:243,3
DA:244,3
DA:249,3
DA:252,3
DA:253,1
DA:254,1
DA:271,1
DA:274,3
DA:276,3
DA:278,3
DA:279,3
DA:289,3
DA:292,3
DA:293,0
DA:296,3
DA:297,1
DA:298,1
DA:299,1
DA:301,1
DA:302,1
DA:305,3
DA:307,1
DA:308,1
DA:309,1
DA:311,1
DA:313,1
DA:314,1
DA:315,1
DA:318,1
DA:319,1
DA:322,3
DA:324,1
DA:325,1
DA:330,1
DA:331,1
DA:337,1
DA:347,1
DA:354,1
DA:355,1
DA:358,3
DA:360,1
DA:361,1
DA:379,1
DA:380,1
DA:384,3
DA:385,1
DA:386,1
DA:387,1
DA:401,1
DA:402,1
DA:407,3
DA:412,2
DA:413,2
DA:421,2
DA:423,2
DA:430,2
DA:431,2
DA:437,2
DA:438,2
DA:441,0
DA:442,0
DA:448,0
DA:451,1
DA:456,3
DA:457,6
DA:464,1
DA:468,1
LF:148
LH:142
BRDA:35,0,0,2
BRDA:35,0,1,0
BRDA:59,1,0,2
BRDA:59,1,1,2
BRDA:62,2,0,1
BRDA:62,2,1,1
BRDA:62,3,0,2
BRDA:62,3,1,1
BRDA:62,3,2,1
BRDA:99,4,0,3
BRDA:99,4,1,3
BRDA:99,4,2,0
BRDA:103,5,0,3
BRDA:103,5,1,2
BRDA:103,5,2,0
BRDA:107,6,0,1
BRDA:107,6,1,2
BRDA:127,7,0,3
BRDA:127,7,1,0
BRDA:140,8,0,1
BRDA:140,8,1,2
BRDA:184,9,0,3
BRDA:184,9,1,0
BRDA:193,10,0,0
BRDA:193,10,1,3
BRDA:209,11,0,1
BRDA:209,11,1,2
BRDA:231,12,0,3
BRDA:231,12,1,0
BRDA:242,13,0,3
BRDA:242,13,1,0
BRDA:252,14,0,1
BRDA:252,14,1,2
BRDA:274,15,0,3
BRDA:274,15,1,0
BRDA:292,16,0,0
BRDA:292,16,1,3
BRDA:296,17,0,1
BRDA:296,17,1,2
BRDA:305,18,0,1
BRDA:305,18,1,2
BRDA:322,19,0,1
BRDA:322,19,1,2
BRDA:330,20,0,1
BRDA:330,20,1,0
BRDA:330,21,0,1
BRDA:330,21,1,1
BRDA:358,22,0,1
BRDA:358,22,1,2
BRDA:384,23,0,1
BRDA:384,23,1,2
BRDA:407,24,0,2
BRDA:407,24,1,1
BRDA:408,25,0,3
BRDA:408,25,1,2
BRDA:423,26,0,2
BRDA:423,26,1,0
BRDA:424,27,0,2
BRDA:424,27,1,1
BRDA:424,27,2,1
BRDA:424,27,3,1
BRF:61
BRH:49
end_of_record
TN:
SF:/Users/niroj/projects/obs/rtm-kit/packages/tracker/src/pageViewHelper.js
FN:50,(anonymous_0)
FN:52,(anonymous_1)
FN:55,(anonymous_2)
FN:59,(anonymous_3)
FN:86,(anonymous_4)
FN:106,(anonymous_5)
FN:110,(anonymous_6)
FN:122,(anonymous_7)
FNF:8
FNH:8
FNDA:174,(anonymous_0)
FNDA:68,(anonymous_1)
FNDA:651,(anonymous_2)
FNDA:44,(anonymous_3)
FNDA:174,(anonymous_4)
FNDA:87,(anonymous_5)
FNDA:6,(anonymous_6)
FNDA:579,(anonymous_7)
DA:2,6
DA:31,6
DA:50,6
DA:51,174
DA:52,68
DA:54,174
DA:55,651
DA:59,6
DA:60,44
DA:67,44
DA:72,44
DA:78,44
DA:81,6
DA:86,6
DA:88,174
DA:95,34
DA:102,140
DA:103,140
DA:106,6
DA:107,87
DA:110,6
DA:111,6
DA:112,6
DA:113,0
DA:114,6
DA:115,3
DA:117,3
DA:118,3
DA:122,6
DA:123,579
LF:30
LH:29
BRDA:50,0,0,140
BRDA:51,1,0,17
BRDA:51,1,1,157
BRDA:55,2,0,651
BRDA:55,2,1,291
BRDA:55,2,2,194
BRDA:55,2,3,194
BRDA:67,3,0,26
BRDA:67,3,1,18
BRDA:68,4,0,14
BRDA:68,4,1,12
BRDA:74,5,0,44
BRDA:74,5,1,6
BRDA:86,6,0,87
BRDA:88,7,0,34
BRDA:88,7,1,140
BRDA:89,8,0,174
BRDA:89,8,1,78
BRDA:89,8,2,68
BRDA:89,8,3,58
BRDA:89,8,4,48
BRDA:102,9,0,140
BRDA:102,9,1,96
BRDA:107,10,0,87
BRDA:107,10,1,21
BRDA:112,11,0,0
BRDA:112,11,1,6
BRDA:114,12,0,3
BRDA:114,12,1,3
BRDA:114,13,0,6
BRDA:114,13,1,6
BRDA:123,14,0,579
BRDA:123,14,1,129
BRF:33
BRH:32
end_of_record
TN:
SF:/Users/niroj/projects/obs/rtm-kit/packages/tracker/src/tiktok.js
FN:12,(anonymous_0)
FN:64,(anonymous_1)
FN:105,(anonymous_2)
FN:108,(anonymous_3)
FN:119,(anonymous_4)
FN:132,(anonymous_5)
FN:137,(anonymous_6)
FN:143,(anonymous_7)
FNF:8
FNH:8
FNDA:6,(anonymous_0)
FNDA:6,(anonymous_1)
FNDA:2,(anonymous_2)
FNDA:1,(anonymous_3)
FNDA:6,(anonymous_4)
FNDA:31,(anonymous_5)
FNDA:10,(anonymous_6)
FNDA:26,(anonymous_7)
DA:10,2
DA:12,2
DA:13,6
DA:14,6
DA:15,6
DA:16,6
DA:17,6
DA:18,6
DA:19,6
DA:20,6
DA:21,6
DA:22,6
DA:23,6
DA:24,6
DA:25,6
DA:26,6
DA:64,2
DA:65,6
DA:66,6
DA:67,6
DA:68,6
DA:69,6
DA:72,6
DA:74,3
DA:75,3
DA:106,2
DA:109,1
DA:110,1
DA:112,3
DA:114,3
DA:120,6
DA:121,6
DA:123,6
DA:124,0
DA:125,0
DA:131,6
DA:132,31
DA:134,6
DA:136,6
DA:137,10
DA:140,1
DA:143,26
DA:144,5
DA:145,5
DA:146,5
DA:147,5
LF:46
LH:44
BRDA:72,0,0,3
BRDA:72,0,1,3
BRDA:72,1,0,6
BRDA:72,1,1,3
BRDA:123,2,0,0
BRDA:123,2,1,6
BRDA:126,3,0,0
BRDA:126,3,1,0
BRDA:126,4,0,0
BRDA:126,4,1,0
BRDA:136,5,0,1
BRDA:136,5,1,5
BRDA:137,6,0,6
BRDA:137,6,1,5
BRDA:137,7,0,10
BRDA:137,7,1,5
BRDA:143,8,0,26
BRDA:143,8,1,9
BRF:18
BRH:13
end_of_record
TN:
SF:/Users/niroj/projects/obs/rtm-kit/packages/tracker/src/twitter.js
FN:9,(anonymous_0)
FN:14,(anonymous_1)
FN:18,(anonymous_2)
FN:27,(anonymous_3)
FNF:4
FNH:4
FNDA:28,(anonymous_0)
FNDA:171,(anonymous_1)
FNDA:66,(anonymous_2)
FNDA:140,(anonymous_3)
DA:10,28
DA:11,28
DA:13,28
DA:14,171
DA:16,28
DA:17,28
DA:18,66
DA:21,1
DA:23,27
DA:24,2
DA:27,140
DA:28,27
DA:29,27
DA:30,24
LF:14
LH:14
BRDA:17,0,0,1
BRDA:17,0,1,27
BRDA:18,1,0,28
BRDA:18,1,1,3
BRDA:18,2,0,66
BRDA:18,2,1,63
BRDA:23,3,0,2
BRDA:23,3,1,25
BRDA:27,4,0,140
BRDA:27,4,1,91
BRDA:29,5,0,24
BRDA:29,5,1,3
BRF:12
BRH:12
end_of_record
