<?xml version="1.0" encoding="UTF-8"?>
<coverage generated="1740578244284" clover="3.2.0">
  <project timestamp="1740578244284" name="All files">
    <metrics statements="59" coveredstatements="57" conditionals="28" coveredconditionals="24" methods="32" coveredmethods="31" elements="119" coveredelements="112" complexity="0" loc="59" ncloc="59" packages="1" files="4" classes="4"/>
    <file name="Button.js" path="/Users/niroj/projects/obs/rtm-kit/packages/button/src/Button.js">
      <metrics statements="8" coveredstatements="8" conditionals="2" coveredconditionals="2" methods="3" coveredmethods="3"/>
      <line num="7" count="1" type="stmt"/>
      <line num="9" count="2" type="cond" truecount="2" falsecount="0"/>
      <line num="21" count="1" type="stmt"/>
      <line num="28" count="1" type="stmt"/>
      <line num="29" count="2" type="stmt"/>
      <line num="32" count="9" type="stmt"/>
      <line num="36" count="1" type="stmt"/>
      <line num="40" count="1" type="stmt"/>
    </file>
    <file name="base.js" path="/Users/niroj/projects/obs/rtm-kit/packages/button/src/base.js">
      <metrics statements="11" coveredstatements="9" conditionals="10" coveredconditionals="8" methods="2" coveredmethods="1"/>
      <line num="12" count="1" type="stmt"/>
      <line num="21" count="9" type="stmt"/>
      <line num="22" count="9" type="cond" truecount="2" falsecount="0"/>
      <line num="29" count="9" type="cond" truecount="4" falsecount="0"/>
      <line num="35" count="9" type="stmt"/>
      <line num="36" count="9" type="cond" truecount="1" falsecount="1"/>
      <line num="37" count="0" type="stmt"/>
      <line num="39" count="9" type="stmt"/>
      <line num="42" count="9" type="stmt"/>
      <line num="46" count="0" type="stmt"/>
      <line num="55" count="1" type="stmt"/>
    </file>
    <file name="index.js" path="/Users/niroj/projects/obs/rtm-kit/packages/button/src/index.js">
      <metrics statements="0" coveredstatements="0" conditionals="0" coveredconditionals="0" methods="0" coveredmethods="0"/>
    </file>
    <file name="style.js" path="/Users/niroj/projects/obs/rtm-kit/packages/button/src/style.js">
      <metrics statements="40" coveredstatements="40" conditionals="16" coveredconditionals="14" methods="27" coveredmethods="27"/>
      <line num="7" count="1" type="stmt"/>
      <line num="13" count="1" type="stmt"/>
      <line num="14" count="6" type="stmt"/>
      <line num="15" count="6" type="stmt"/>
      <line num="17" count="6" type="stmt"/>
      <line num="20" count="6" type="stmt"/>
      <line num="21" count="6" type="stmt"/>
      <line num="23" count="6" type="stmt"/>
      <line num="27" count="1" type="stmt"/>
      <line num="28" count="1" type="stmt"/>
      <line num="29" count="1" type="stmt"/>
      <line num="30" count="1" type="stmt"/>
      <line num="33" count="1" type="stmt"/>
      <line num="34" count="1" type="stmt"/>
      <line num="36" count="1" type="stmt"/>
      <line num="40" count="1" type="stmt"/>
      <line num="41" count="8" type="cond" truecount="1" falsecount="1"/>
      <line num="42" count="8" type="cond" truecount="1" falsecount="1"/>
      <line num="49" count="1" type="stmt"/>
      <line num="53" count="1" type="stmt"/>
      <line num="54" count="1" type="stmt"/>
      <line num="55" count="1" type="stmt"/>
      <line num="57" count="1" type="stmt"/>
      <line num="60" count="1" type="stmt"/>
      <line num="61" count="1" type="stmt"/>
      <line num="63" count="1" type="stmt"/>
      <line num="67" count="1" type="stmt"/>
      <line num="75" count="1" type="stmt"/>
      <line num="79" count="8" type="cond" truecount="2" falsecount="0"/>
      <line num="80" count="8" type="cond" truecount="2" falsecount="0"/>
      <line num="81" count="8" type="cond" truecount="2" falsecount="0"/>
      <line num="86" count="8" type="stmt"/>
      <line num="87" count="8" type="stmt"/>
      <line num="91" count="8" type="cond" truecount="4" falsecount="0"/>
      <line num="94" count="1" type="stmt"/>
      <line num="99" count="1" type="stmt"/>
      <line num="101" count="8" type="cond" truecount="2" falsecount="0"/>
      <line num="104" count="1" type="stmt"/>
      <line num="108" count="1" type="stmt"/>
      <line num="112" count="1" type="stmt"/>
    </file>
  </project>
</coverage>
