{"total": {"lines":{"total":59,"covered":57,"skipped":0,"pct":96.61},"statements":{"total":60,"covered":58,"skipped":0,"pct":96.67},"functions":{"total":32,"covered":31,"skipped":0,"pct":96.88},"branches":{"total":28,"covered":24,"skipped":0,"pct":85.71}}
,"/Users/niroj/projects/obs/rtm-kit/packages/button/src/Button.js": {"lines":{"total":8,"covered":8,"skipped":0,"pct":100},"functions":{"total":3,"covered":3,"skipped":0,"pct":100},"statements":{"total":9,"covered":9,"skipped":0,"pct":100},"branches":{"total":2,"covered":2,"skipped":0,"pct":100}}
,"/Users/niroj/projects/obs/rtm-kit/packages/button/src/base.js": {"lines":{"total":11,"covered":9,"skipped":0,"pct":81.82},"functions":{"total":2,"covered":1,"skipped":0,"pct":50},"statements":{"total":11,"covered":9,"skipped":0,"pct":81.82},"branches":{"total":10,"covered":8,"skipped":0,"pct":80}}
,"/Users/niroj/projects/obs/rtm-kit/packages/button/src/index.js": {"lines":{"total":0,"covered":0,"skipped":0,"pct":100},"functions":{"total":0,"covered":0,"skipped":0,"pct":100},"statements":{"total":0,"covered":0,"skipped":0,"pct":100},"branches":{"total":0,"covered":0,"skipped":0,"pct":100}}
,"/Users/niroj/projects/obs/rtm-kit/packages/button/src/style.js": {"lines":{"total":40,"covered":40,"skipped":0,"pct":100},"functions":{"total":27,"covered":27,"skipped":0,"pct":100},"statements":{"total":40,"covered":40,"skipped":0,"pct":100},"branches":{"total":16,"covered":14,"skipped":0,"pct":87.5}}
}
