TN:
SF:/Users/niroj/projects/obs/rtm-kit/packages/button/src/Button.js
FN:9,(anonymous_0)
FN:28,(anonymous_1)
FN:32,(anonymous_2)
FNF:3
FNH:3
FNDA:2,(anonymous_0)
FNDA:2,(anonymous_1)
FNDA:9,(anonymous_2)
DA:7,1
DA:9,2
DA:21,1
DA:28,1
DA:29,2
DA:32,9
DA:36,1
DA:40,1
LF:8
LH:8
BRDA:9,0,0,2
BRDA:9,0,1,2
BRF:2
BRH:2
end_of_record
TN:
SF:/Users/niroj/projects/obs/rtm-kit/packages/button/src/base.js
FN:12,(anonymous_0)
FN:46,(anonymous_1)
FNF:2
FNH:1
FNDA:9,(anonymous_0)
FNDA:0,(anonymous_1)
DA:12,1
DA:21,9
DA:22,9
DA:29,9
DA:35,9
DA:36,9
DA:37,0
DA:39,9
DA:42,9
DA:46,0
DA:55,1
LF:11
LH:9
BRDA:22,0,0,1
BRDA:22,0,1,8
BRDA:24,1,0,0
BRDA:24,1,1,8
BRDA:29,2,0,1
BRDA:29,2,1,8
BRDA:29,3,0,9
BRDA:29,3,1,8
BRDA:36,4,0,0
BRDA:36,4,1,9
BRF:10
BRH:8
end_of_record
TN:
SF:/Users/niroj/projects/obs/rtm-kit/packages/button/src/index.js
FNF:0
FNH:0
LF:0
LH:0
BRF:0
BRH:0
end_of_record
TN:
SF:/Users/niroj/projects/obs/rtm-kit/packages/button/src/style.js
FN:14,(anonymous_0)
FN:15,(anonymous_1)
FN:16,(anonymous_2)
FN:20,(anonymous_3)
FN:21,(anonymous_4)
FN:22,(anonymous_5)
FN:28,(anonymous_6)
FN:29,(anonymous_7)
FN:30,(anonymous_8)
FN:33,(anonymous_9)
FN:34,(anonymous_10)
FN:35,(anonymous_11)
FN:41,(anonymous_12)
FN:42,(anonymous_13)
FN:54,(anonymous_14)
FN:55,(anonymous_15)
FN:56,(anonymous_16)
FN:60,(anonymous_17)
FN:61,(anonymous_18)
FN:62,(anonymous_19)
FN:79,(anonymous_20)
FN:80,(anonymous_21)
FN:81,(anonymous_22)
FN:86,(anonymous_23)
FN:87,(anonymous_24)
FN:90,(anonymous_25)
FN:101,(anonymous_26)
FNF:27
FNH:27
FNDA:6,(anonymous_0)
FNDA:6,(anonymous_1)
FNDA:6,(anonymous_2)
FNDA:6,(anonymous_3)
FNDA:6,(anonymous_4)
FNDA:6,(anonymous_5)
FNDA:1,(anonymous_6)
FNDA:1,(anonymous_7)
FNDA:1,(anonymous_8)
FNDA:1,(anonymous_9)
FNDA:1,(anonymous_10)
FNDA:1,(anonymous_11)
FNDA:8,(anonymous_12)
FNDA:8,(anonymous_13)
FNDA:1,(anonymous_14)
FNDA:1,(anonymous_15)
FNDA:1,(anonymous_16)
FNDA:1,(anonymous_17)
FNDA:1,(anonymous_18)
FNDA:1,(anonymous_19)
FNDA:8,(anonymous_20)
FNDA:8,(anonymous_21)
FNDA:8,(anonymous_22)
FNDA:8,(anonymous_23)
FNDA:8,(anonymous_24)
FNDA:8,(anonymous_25)
FNDA:8,(anonymous_26)
DA:7,1
DA:13,1
DA:14,6
DA:15,6
DA:17,6
DA:20,6
DA:21,6
DA:23,6
DA:27,1
DA:28,1
DA:29,1
DA:30,1
DA:33,1
DA:34,1
DA:36,1
DA:40,1
DA:41,8
DA:42,8
DA:49,1
DA:53,1
DA:54,1
DA:55,1
DA:57,1
DA:60,1
DA:61,1
DA:63,1
DA:67,1
DA:75,1
DA:79,8
DA:80,8
DA:81,8
DA:86,8
DA:87,8
DA:91,8
DA:94,1
DA:99,1
DA:101,8
DA:104,1
DA:108,1
DA:112,1
LF:40
LH:40
BRDA:41,0,0,0
BRDA:41,0,1,8
BRDA:42,1,0,8
BRDA:42,1,1,0
BRDA:79,2,0,1
BRDA:79,2,1,7
BRDA:80,3,0,8
BRDA:80,3,1,8
BRDA:81,4,0,8
BRDA:81,4,1,1
BRDA:91,5,0,1
BRDA:91,5,1,7
BRDA:91,6,0,1
BRDA:91,6,1,6
BRDA:101,7,0,2
BRDA:101,7,1,6
BRF:16
BRH:14
end_of_record
