<?xml version="1.0" encoding="UTF-8"?>
<coverage generated="1740614538028" clover="3.2.0">
  <project timestamp="1740614538028" name="All files">
    <metrics statements="193" coveredstatements="191" conditionals="86" coveredconditionals="80" methods="56" coveredmethods="55" elements="335" coveredelements="326" complexity="0" loc="193" ncloc="193" packages="1" files="10" classes="10"/>
    <file name="blocks.js" path="/Users/niroj/projects/obs/rtm-kit/packages/typography/src/blocks.js">
      <metrics statements="22" coveredstatements="22" conditionals="4" coveredconditionals="3" methods="5" coveredmethods="5"/>
      <line num="1" count="2" type="stmt"/>
      <line num="5" count="33" type="stmt"/>
      <line num="6" count="33" type="stmt"/>
      <line num="9" count="33" type="cond" truecount="2" falsecount="0"/>
      <line num="10" count="1" type="stmt"/>
      <line num="11" count="1" type="stmt"/>
      <line num="14" count="2" type="stmt"/>
      <line num="16" count="1" type="stmt"/>
      <line num="17" count="1" type="stmt"/>
      <line num="21" count="1" type="stmt"/>
      <line num="22" count="1" type="stmt"/>
      <line num="23" count="2" type="stmt"/>
      <line num="25" count="1" type="cond" truecount="1" falsecount="1"/>
      <line num="26" count="1" type="stmt"/>
      <line num="27" count="1" type="stmt"/>
      <line num="28" count="1" type="stmt"/>
      <line num="30" count="1" type="stmt"/>
      <line num="40" count="21" type="stmt"/>
      <line num="42" count="21" type="stmt"/>
      <line num="43" count="21" type="stmt"/>
      <line num="44" count="21" type="stmt"/>
      <line num="45" count="21" type="stmt"/>
    </file>
    <file name="blurb.js" path="/Users/niroj/projects/obs/rtm-kit/packages/typography/src/blurb.js">
      <metrics statements="9" coveredstatements="9" conditionals="12" coveredconditionals="12" methods="3" coveredmethods="3"/>
      <line num="9" count="2" type="stmt"/>
      <line num="10" count="3" type="stmt"/>
      <line num="14" count="3" type="cond" truecount="2" falsecount="0"/>
      <line num="29" count="2" type="stmt"/>
      <line num="38" count="3" type="cond" truecount="4" falsecount="0"/>
      <line num="39" count="3" type="stmt"/>
      <line num="40" count="3" type="stmt"/>
      <line num="56" count="2" type="stmt"/>
      <line num="65" count="2" type="stmt"/>
    </file>
    <file name="header.js" path="/Users/niroj/projects/obs/rtm-kit/packages/typography/src/header.js">
      <metrics statements="2" coveredstatements="2" conditionals="0" coveredconditionals="0" methods="1" coveredmethods="1"/>
      <line num="4" count="16" type="stmt"/>
      <line num="6" count="2" type="stmt"/>
    </file>
    <file name="index.js" path="/Users/niroj/projects/obs/rtm-kit/packages/typography/src/index.js">
      <metrics statements="0" coveredstatements="0" conditionals="0" coveredconditionals="0" methods="0" coveredmethods="0"/>
    </file>
    <file name="interpolator.js" path="/Users/niroj/projects/obs/rtm-kit/packages/typography/src/interpolator.js">
      <metrics statements="44" coveredstatements="44" conditionals="21" coveredconditionals="20" methods="4" coveredmethods="3"/>
      <line num="1" count="2" type="stmt"/>
      <line num="4" count="38" type="stmt"/>
      <line num="5" count="38" type="stmt"/>
      <line num="6" count="38" type="stmt"/>
      <line num="7" count="38" type="cond" truecount="2" falsecount="0"/>
      <line num="8" count="5" type="stmt"/>
      <line num="10" count="38" type="cond" truecount="2" falsecount="0"/>
      <line num="11" count="5" type="stmt"/>
      <line num="12" count="5" type="stmt"/>
      <line num="15" count="33" type="stmt"/>
      <line num="20" count="55" type="cond" truecount="2" falsecount="0"/>
      <line num="22" count="55" type="stmt"/>
      <line num="23" count="55" type="stmt"/>
      <line num="24" count="55" type="stmt"/>
      <line num="31" count="55" type="cond" truecount="2" falsecount="0"/>
      <line num="36" count="2" type="stmt"/>
      <line num="37" count="2" type="cond" truecount="2" falsecount="0"/>
      <line num="38" count="1" type="stmt"/>
      <line num="39" count="1" type="stmt"/>
      <line num="41" count="1" type="stmt"/>
      <line num="44" count="2" type="stmt"/>
      <line num="45" count="2" type="stmt"/>
      <line num="46" count="2" type="stmt"/>
      <line num="50" count="2" type="stmt"/>
      <line num="51" count="2" type="stmt"/>
      <line num="52" count="2" type="stmt"/>
      <line num="57" count="2" type="cond" truecount="2" falsecount="0"/>
      <line num="58" count="1" type="stmt"/>
      <line num="63" count="1" type="stmt"/>
      <line num="76" count="1" type="stmt"/>
      <line num="91" count="55" type="cond" truecount="2" falsecount="0"/>
      <line num="93" count="4" type="stmt"/>
      <line num="94" count="4" type="cond" truecount="1" falsecount="1"/>
      <line num="95" count="4" type="stmt"/>
      <line num="96" count="4" type="stmt"/>
      <line num="97" count="4" type="stmt"/>
      <line num="98" count="4" type="cond" truecount="2" falsecount="0"/>
      <line num="99" count="4" type="stmt"/>
      <line num="115" count="21" type="stmt"/>
      <line num="117" count="21" type="stmt"/>
      <line num="120" count="21" type="stmt"/>
      <line num="121" count="21" type="stmt"/>
      <line num="122" count="21" type="stmt"/>
      <line num="125" count="21" type="stmt"/>
    </file>
    <file name="label.js" path="/Users/niroj/projects/obs/rtm-kit/packages/typography/src/label.js">
      <metrics statements="3" coveredstatements="3" conditionals="0" coveredconditionals="0" methods="1" coveredmethods="1"/>
      <line num="4" count="4" type="stmt"/>
      <line num="6" count="2" type="stmt"/>
      <line num="11" count="2" type="stmt"/>
    </file>
    <file name="markdown.js" path="/Users/niroj/projects/obs/rtm-kit/packages/typography/src/markdown.js">
      <metrics statements="59" coveredstatements="57" conditionals="22" coveredconditionals="18" methods="24" coveredmethods="24"/>
      <line num="15" count="2" type="stmt"/>
      <line num="16" count="20" type="stmt"/>
      <line num="19" count="2" type="stmt"/>
      <line num="20" count="68" type="stmt"/>
      <line num="21" count="68" type="cond" truecount="1" falsecount="1"/>
      <line num="22" count="0" type="stmt"/>
      <line num="25" count="68" type="stmt"/>
      <line num="26" count="68" type="cond" truecount="2" falsecount="0"/>
      <line num="27" count="2" type="stmt"/>
      <line num="29" count="66" type="stmt"/>
      <line num="33" count="2" type="stmt"/>
      <line num="34" count="48" type="stmt"/>
      <line num="36" count="2" type="stmt"/>
      <line num="37" count="1" type="stmt"/>
      <line num="44" count="19" type="stmt"/>
      <line num="50" count="1" type="stmt"/>
      <line num="56" count="1" type="stmt"/>
      <line num="62" count="1" type="stmt"/>
      <line num="69" count="1" type="stmt"/>
      <line num="74" count="1" type="stmt"/>
      <line num="79" count="1" type="stmt"/>
      <line num="84" count="2" type="stmt"/>
      <line num="92" count="26" type="stmt"/>
      <line num="98" count="7" type="stmt"/>
      <line num="100" count="7" type="cond" truecount="2" falsecount="0"/>
      <line num="101" count="2" type="stmt"/>
      <line num="112" count="5" type="cond" truecount="1" falsecount="1"/>
      <line num="113" count="5" type="stmt"/>
      <line num="114" count="5" type="stmt"/>
      <line num="116" count="4" type="stmt"/>
      <line num="118" count="5" type="cond" truecount="2" falsecount="0"/>
      <line num="119" count="5" type="stmt"/>
      <line num="121" count="5" type="stmt"/>
      <line num="127" count="0" type="stmt"/>
      <line num="131" count="5" type="stmt"/>
      <line num="140" count="1" type="stmt"/>
      <line num="147" count="1" type="stmt"/>
      <line num="154" count="1" type="stmt"/>
      <line num="162" count="2" type="stmt"/>
      <line num="169" count="2" type="stmt"/>
      <line num="179" count="2" type="stmt"/>
      <line num="201" count="2" type="cond" truecount="1" falsecount="0"/>
      <line num="202" count="19" type="stmt"/>
      <line num="210" count="19" type="stmt"/>
      <line num="212" count="20" type="stmt"/>
      <line num="217" count="2" type="stmt"/>
      <line num="218" count="2" type="stmt"/>
      <line num="226" count="2" type="cond" truecount="2" falsecount="0"/>
      <line num="227" count="1" type="stmt"/>
      <line num="228" count="1" type="stmt"/>
      <line num="230" count="1" type="stmt"/>
      <line num="234" count="2" type="cond" truecount="1" falsecount="0"/>
      <line num="235" count="6" type="stmt"/>
      <line num="236" count="10" type="cond" truecount="2" falsecount="0"/>
      <line num="237" count="4" type="stmt"/>
      <line num="239" count="6" type="cond" truecount="2" falsecount="0"/>
      <line num="240" count="1" type="stmt"/>
      <line num="241" count="1" type="stmt"/>
      <line num="245" count="6" type="stmt"/>
    </file>
    <file name="paragraph.js" path="/Users/niroj/projects/obs/rtm-kit/packages/typography/src/paragraph.js">
      <metrics statements="3" coveredstatements="3" conditionals="0" coveredconditionals="0" methods="1" coveredmethods="1"/>
      <line num="4" count="6" type="stmt"/>
      <line num="6" count="2" type="stmt"/>
      <line num="11" count="2" type="stmt"/>
    </file>
    <file name="small.js" path="/Users/niroj/projects/obs/rtm-kit/packages/typography/src/small.js">
      <metrics statements="3" coveredstatements="3" conditionals="0" coveredconditionals="0" methods="1" coveredmethods="1"/>
      <line num="4" count="3" type="stmt"/>
      <line num="6" count="2" type="stmt"/>
      <line num="11" count="2" type="stmt"/>
    </file>
    <file name="text.js" path="/Users/niroj/projects/obs/rtm-kit/packages/typography/src/text.js">
      <metrics statements="48" coveredstatements="48" conditionals="27" coveredconditionals="27" methods="16" coveredmethods="16"/>
      <line num="8" count="2" type="stmt"/>
      <line num="10" count="98" type="cond" truecount="2" falsecount="0"/>
      <line num="13" count="2" type="stmt"/>
      <line num="24" count="2" type="stmt"/>
      <line num="67" count="2" type="stmt"/>
      <line num="68" count="98" type="cond" truecount="3" falsecount="0"/>
      <line num="70" count="3" type="stmt"/>
      <line num="72" count="33" type="stmt"/>
      <line num="74" count="62" type="stmt"/>
      <line num="78" count="2" type="stmt"/>
      <line num="83" count="1" type="stmt"/>
      <line num="88" count="980" type="stmt"/>
      <line num="90" count="98" type="cond" truecount="2" falsecount="0"/>
      <line num="91" count="57" type="stmt"/>
      <line num="93" count="98" type="stmt"/>
      <line num="94" count="98" type="stmt"/>
      <line num="97" count="98" type="stmt"/>
      <line num="101" count="98" type="stmt"/>
      <line num="105" count="98" type="stmt"/>
      <line num="112" count="2" type="stmt"/>
      <line num="114" count="98" type="cond" truecount="2" falsecount="0"/>
      <line num="117" count="98" type="cond" truecount="2" falsecount="0"/>
      <line num="118" count="98" type="cond" truecount="2" falsecount="0"/>
      <line num="133" count="6" type="stmt"/>
      <line num="136" count="2" type="stmt"/>
      <line num="137" count="33" type="stmt"/>
      <line num="140" count="98" type="stmt"/>
      <line num="143" count="2" type="stmt"/>
      <line num="145" count="98" type="cond" truecount="2" falsecount="0"/>
      <line num="148" count="98" type="stmt"/>
      <line num="149" count="98" type="stmt"/>
      <line num="150" count="98" type="stmt"/>
      <line num="152" count="98" type="cond" truecount="2" falsecount="0"/>
      <line num="153" count="7" type="stmt"/>
      <line num="154" count="7" type="cond" truecount="2" falsecount="0"/>
      <line num="155" count="6" type="stmt"/>
      <line num="157" count="1" type="stmt"/>
      <line num="159" count="7" type="stmt"/>
      <line num="160" count="7" type="stmt"/>
      <line num="161" count="1" type="stmt"/>
      <line num="165" count="98" type="stmt"/>
      <line num="176" count="2" type="stmt"/>
      <line num="191" count="2" type="stmt"/>
      <line num="193" count="2" type="stmt"/>
      <line num="208" count="2" type="stmt"/>
      <line num="209" count="2" type="stmt"/>
      <line num="210" count="2" type="stmt"/>
      <line num="218" count="2" type="stmt"/>
    </file>
  </project>
</coverage>
