{"total": {"lines":{"total":193,"covered":191,"skipped":0,"pct":98.96},"statements":{"total":202,"covered":199,"skipped":0,"pct":98.51},"functions":{"total":56,"covered":55,"skipped":0,"pct":98.21},"branches":{"total":86,"covered":80,"skipped":0,"pct":93.02}}
,"/Users/niroj/projects/obs/rtm-kit/packages/typography/src/blocks.js": {"lines":{"total":22,"covered":22,"skipped":0,"pct":100},"functions":{"total":5,"covered":5,"skipped":0,"pct":100},"statements":{"total":22,"covered":22,"skipped":0,"pct":100},"branches":{"total":4,"covered":3,"skipped":0,"pct":75}}
,"/Users/niroj/projects/obs/rtm-kit/packages/typography/src/blurb.js": {"lines":{"total":9,"covered":9,"skipped":0,"pct":100},"functions":{"total":3,"covered":3,"skipped":0,"pct":100},"statements":{"total":9,"covered":9,"skipped":0,"pct":100},"branches":{"total":12,"covered":12,"skipped":0,"pct":100}}
,"/Users/niroj/projects/obs/rtm-kit/packages/typography/src/header.js": {"lines":{"total":2,"covered":2,"skipped":0,"pct":100},"functions":{"total":1,"covered":1,"skipped":0,"pct":100},"statements":{"total":3,"covered":3,"skipped":0,"pct":100},"branches":{"total":0,"covered":0,"skipped":0,"pct":100}}
,"/Users/niroj/projects/obs/rtm-kit/packages/typography/src/index.js": {"lines":{"total":0,"covered":0,"skipped":0,"pct":100},"functions":{"total":0,"covered":0,"skipped":0,"pct":100},"statements":{"total":0,"covered":0,"skipped":0,"pct":100},"branches":{"total":0,"covered":0,"skipped":0,"pct":100}}
,"/Users/niroj/projects/obs/rtm-kit/packages/typography/src/interpolator.js": {"lines":{"total":44,"covered":44,"skipped":0,"pct":100},"functions":{"total":4,"covered":3,"skipped":0,"pct":75},"statements":{"total":46,"covered":45,"skipped":0,"pct":97.83},"branches":{"total":21,"covered":20,"skipped":0,"pct":95.24}}
,"/Users/niroj/projects/obs/rtm-kit/packages/typography/src/label.js": {"lines":{"total":3,"covered":3,"skipped":0,"pct":100},"functions":{"total":1,"covered":1,"skipped":0,"pct":100},"statements":{"total":4,"covered":4,"skipped":0,"pct":100},"branches":{"total":0,"covered":0,"skipped":0,"pct":100}}
,"/Users/niroj/projects/obs/rtm-kit/packages/typography/src/markdown.js": {"lines":{"total":59,"covered":57,"skipped":0,"pct":96.61},"functions":{"total":24,"covered":24,"skipped":0,"pct":100},"statements":{"total":61,"covered":59,"skipped":0,"pct":96.72},"branches":{"total":22,"covered":18,"skipped":0,"pct":81.82}}
,"/Users/niroj/projects/obs/rtm-kit/packages/typography/src/paragraph.js": {"lines":{"total":3,"covered":3,"skipped":0,"pct":100},"functions":{"total":1,"covered":1,"skipped":0,"pct":100},"statements":{"total":4,"covered":4,"skipped":0,"pct":100},"branches":{"total":0,"covered":0,"skipped":0,"pct":100}}
,"/Users/niroj/projects/obs/rtm-kit/packages/typography/src/small.js": {"lines":{"total":3,"covered":3,"skipped":0,"pct":100},"functions":{"total":1,"covered":1,"skipped":0,"pct":100},"statements":{"total":4,"covered":4,"skipped":0,"pct":100},"branches":{"total":0,"covered":0,"skipped":0,"pct":100}}
,"/Users/niroj/projects/obs/rtm-kit/packages/typography/src/text.js": {"lines":{"total":48,"covered":48,"skipped":0,"pct":100},"functions":{"total":16,"covered":16,"skipped":0,"pct":100},"statements":{"total":49,"covered":49,"skipped":0,"pct":100},"branches":{"total":27,"covered":27,"skipped":0,"pct":100}}
}
