TN:
SF:/Users/niroj/projects/obs/rtm-kit/packages/typography/src/blocks.js
FN:3,blockPlugin
FN:4,blockTokenizer
FN:14,(anonymous_2)
FN:15,(anonymous_3)
FN:22,(anonymous_4)
FNF:5
FNH:5
FNDA:21,blockPlugin
FNDA:33,blockTokenizer
FNDA:2,(anonymous_2)
FNDA:1,(anonymous_3)
FNDA:2,(anonymous_4)
DA:1,2
DA:5,33
DA:6,33
DA:9,33
DA:10,1
DA:11,1
DA:14,2
DA:16,1
DA:17,1
DA:21,1
DA:22,1
DA:23,2
DA:25,1
DA:26,1
DA:27,1
DA:28,1
DA:30,1
DA:40,21
DA:42,21
DA:43,21
DA:44,21
DA:45,21
LF:22
LH:22
BRDA:9,0,0,1
BRDA:9,0,1,32
BRDA:25,1,0,1
BRDA:25,1,1,0
BRF:4
BRH:3
end_of_record
TN:
SF:/Users/niroj/projects/obs/rtm-kit/packages/typography/src/blurb.js
FN:10,(anonymous_0)
FN:13,(anonymous_1)
FN:29,(anonymous_2)
FNF:3
FNH:3
FNDA:3,(anonymous_0)
FNDA:3,(anonymous_1)
FNDA:3,(anonymous_2)
DA:9,2
DA:10,3
DA:14,3
DA:29,2
DA:38,3
DA:39,3
DA:40,3
DA:56,2
DA:65,2
LF:9
LH:9
BRDA:14,0,0,3
BRDA:14,0,1,3
BRDA:38,1,0,1
BRDA:38,1,1,2
BRDA:38,2,0,1
BRDA:38,2,1,1
BRDA:44,3,0,3
BRDA:44,3,1,3
BRDA:45,4,0,3
BRDA:45,4,1,3
BRDA:49,5,0,3
BRDA:49,5,1,3
BRF:12
BRH:12
end_of_record
TN:
SF:/Users/niroj/projects/obs/rtm-kit/packages/typography/src/header.js
FN:4,(anonymous_0)
FNF:1
FNH:1
FNDA:16,(anonymous_0)
DA:4,16
DA:6,2
LF:2
LH:2
BRF:0
BRH:0
end_of_record
TN:
SF:/Users/niroj/projects/obs/rtm-kit/packages/typography/src/index.js
FNF:0
FNH:0
LF:0
LH:0
BRF:0
BRH:0
end_of_record
TN:
SF:/Users/niroj/projects/obs/rtm-kit/packages/typography/src/interpolator.js
FN:3,locator
FN:11,(anonymous_1)
FN:18,inlinePlugin
FN:19,inlineTokenizer
FNF:4
FNH:3
FNDA:38,locator
FNDA:0,(anonymous_1)
FNDA:21,inlinePlugin
FNDA:55,inlineTokenizer
DA:1,2
DA:4,38
DA:5,38
DA:6,38
DA:7,38
DA:8,5
DA:10,38
DA:11,5
DA:12,5
DA:15,33
DA:20,55
DA:22,55
DA:23,55
DA:24,55
DA:31,55
DA:36,2
DA:37,2
DA:38,1
DA:39,1
DA:41,1
DA:44,2
DA:45,2
DA:46,2
DA:50,2
DA:51,2
DA:52,2
DA:57,2
DA:58,1
DA:63,1
DA:76,1
DA:91,55
DA:93,4
DA:94,4
DA:95,4
DA:96,4
DA:97,4
DA:98,4
DA:99,4
DA:115,21
DA:117,21
DA:120,21
DA:121,21
DA:122,21
DA:125,21
LF:44
LH:44
BRDA:7,0,0,5
BRDA:7,0,1,33
BRDA:10,1,0,5
BRDA:10,1,1,33
BRDA:20,2,0,1
BRDA:20,2,1,54
BRDA:31,3,0,2
BRDA:31,3,1,53
BRDA:32,4,0,55
BRDA:32,4,1,54
BRDA:32,4,2,7
BRDA:37,5,0,1
BRDA:37,5,1,1
BRDA:57,6,0,1
BRDA:57,6,1,1
BRDA:91,7,0,4
BRDA:91,7,1,51
BRDA:94,8,0,4
BRDA:94,8,1,0
BRDA:98,9,0,4
BRDA:98,9,1,2
BRF:21
BRH:20
end_of_record
TN:
SF:/Users/niroj/projects/obs/rtm-kit/packages/typography/src/label.js
FN:4,(anonymous_0)
FNF:1
FNH:1
FNDA:4,(anonymous_0)
DA:4,4
DA:6,2
DA:11,2
LF:3
LH:3
BRF:0
BRH:0
end_of_record
TN:
SF:/Users/niroj/projects/obs/rtm-kit/packages/typography/src/markdown.js
FN:15,(anonymous_0)
FN:19,(anonymous_1)
FN:33,(anonymous_2)
FN:34,(anonymous_3)
FN:37,(anonymous_4)
FN:44,(anonymous_5)
FN:50,(anonymous_6)
FN:56,(anonymous_7)
FN:61,(anonymous_8)
FN:69,(anonymous_9)
FN:74,(anonymous_10)
FN:79,(anonymous_11)
FN:84,(anonymous_12)
FN:92,(anonymous_13)
FN:97,(anonymous_14)
FN:140,(anonymous_15)
FN:147,(anonymous_16)
FN:154,(anonymous_17)
FN:161,(anonymous_18)
FN:168,(anonymous_19)
FN:201,(anonymous_20)
FN:212,(anonymous_21)
FN:217,(anonymous_22)
FN:234,(anonymous_23)
FNF:24
FNH:24
FNDA:20,(anonymous_0)
FNDA:68,(anonymous_1)
FNDA:32,(anonymous_2)
FNDA:48,(anonymous_3)
FNDA:1,(anonymous_4)
FNDA:19,(anonymous_5)
FNDA:1,(anonymous_6)
FNDA:1,(anonymous_7)
FNDA:1,(anonymous_8)
FNDA:1,(anonymous_9)
FNDA:1,(anonymous_10)
FNDA:1,(anonymous_11)
FNDA:2,(anonymous_12)
FNDA:26,(anonymous_13)
FNDA:7,(anonymous_14)
FNDA:1,(anonymous_15)
FNDA:1,(anonymous_16)
FNDA:1,(anonymous_17)
FNDA:2,(anonymous_18)
FNDA:2,(anonymous_19)
FNDA:19,(anonymous_20)
FNDA:20,(anonymous_21)
FNDA:2,(anonymous_22)
FNDA:6,(anonymous_23)
DA:15,2
DA:16,20
DA:19,2
DA:20,68
DA:21,68
DA:22,0
DA:25,68
DA:26,68
DA:27,2
DA:29,66
DA:33,2
DA:34,48
DA:36,2
DA:37,1
DA:44,19
DA:50,1
DA:56,1
DA:62,1
DA:69,1
DA:74,1
DA:79,1
DA:84,2
DA:92,26
DA:98,7
DA:100,7
DA:101,2
DA:112,5
DA:113,5
DA:114,5
DA:116,4
DA:118,5
DA:119,5
DA:121,5
DA:127,0
DA:131,5
DA:140,1
DA:147,1
DA:154,1
DA:162,2
DA:169,2
DA:179,2
DA:201,2
DA:202,19
DA:210,19
DA:212,20
DA:217,2
DA:218,2
DA:226,2
DA:227,1
DA:228,1
DA:230,1
DA:234,2
DA:235,6
DA:236,10
DA:237,4
DA:239,6
DA:240,1
DA:241,1
DA:245,6
LF:59
LH:57
BRDA:21,0,0,0
BRDA:21,0,1,68
BRDA:26,1,0,2
BRDA:26,1,1,66
BRDA:57,2,0,0
BRDA:57,2,1,1
BRDA:58,3,0,0
BRDA:58,3,1,1
BRDA:100,4,0,2
BRDA:100,4,1,5
BRDA:112,5,0,5
BRDA:112,5,1,0
BRDA:118,6,0,5
BRDA:118,6,1,2
BRDA:201,7,0,16
BRDA:226,8,0,1
BRDA:226,8,1,1
BRDA:234,9,0,2
BRDA:236,10,0,4
BRDA:236,10,1,6
BRDA:239,11,0,1
BRDA:239,11,1,5
BRF:22
BRH:18
end_of_record
TN:
SF:/Users/niroj/projects/obs/rtm-kit/packages/typography/src/paragraph.js
FN:4,(anonymous_0)
FNF:1
FNH:1
FNDA:6,(anonymous_0)
DA:4,6
DA:6,2
DA:11,2
LF:3
LH:3
BRF:0
BRH:0
end_of_record
TN:
SF:/Users/niroj/projects/obs/rtm-kit/packages/typography/src/small.js
FN:4,(anonymous_0)
FNF:1
FNH:1
FNDA:3,(anonymous_0)
DA:4,3
DA:6,2
DA:11,2
LF:3
LH:3
BRF:0
BRH:0
end_of_record
TN:
SF:/Users/niroj/projects/obs/rtm-kit/packages/typography/src/text.js
FN:9,(anonymous_0)
FN:67,(anonymous_1)
FN:83,(anonymous_2)
FN:87,displayByEachScreen
FN:88,(anonymous_4)
FN:97,(anonymous_5)
FN:101,(anonymous_6)
FN:105,(anonymous_7)
FN:113,(anonymous_8)
FN:117,(anonymous_9)
FN:118,(anonymous_10)
FN:132,createMarkup
FN:136,(anonymous_12)
FN:140,(anonymous_13)
FN:144,(anonymous_14)
FN:161,(anonymous_15)
FNF:16
FNH:16
FNDA:98,(anonymous_0)
FNDA:98,(anonymous_1)
FNDA:1,(anonymous_2)
FNDA:98,displayByEachScreen
FNDA:980,(anonymous_4)
FNDA:98,(anonymous_5)
FNDA:98,(anonymous_6)
FNDA:98,(anonymous_7)
FNDA:98,(anonymous_8)
FNDA:98,(anonymous_9)
FNDA:98,(anonymous_10)
FNDA:6,createMarkup
FNDA:33,(anonymous_12)
FNDA:98,(anonymous_13)
FNDA:98,(anonymous_14)
FNDA:1,(anonymous_15)
DA:8,2
DA:10,98
DA:13,2
DA:24,2
DA:67,2
DA:68,98
DA:70,3
DA:72,33
DA:74,62
DA:78,2
DA:83,1
DA:88,980
DA:90,98
DA:91,57
DA:93,98
DA:94,98
DA:97,98
DA:101,98
DA:105,98
DA:112,2
DA:114,98
DA:117,98
DA:118,98
DA:133,6
DA:136,2
DA:137,33
DA:140,98
DA:143,2
DA:145,98
DA:148,98
DA:149,98
DA:150,98
DA:152,98
DA:153,7
DA:154,7
DA:155,6
DA:157,1
DA:159,7
DA:160,7
DA:161,1
DA:165,98
DA:176,2
DA:191,2
DA:193,2
DA:208,2
DA:209,2
DA:210,2
DA:218,2
LF:48
LH:48
BRDA:10,0,0,61
BRDA:10,0,1,37
BRDA:68,1,0,3
BRDA:68,1,1,33
BRDA:68,1,2,62
BRDA:90,2,0,57
BRDA:90,2,1,41
BRDA:95,3,0,98
BRDA:95,3,1,57
BRDA:98,4,0,98
BRDA:98,4,1,57
BRDA:102,5,0,98
BRDA:102,5,1,57
BRDA:106,6,0,98
BRDA:106,6,1,57
BRDA:114,7,0,1
BRDA:114,7,1,97
BRDA:117,8,0,55
BRDA:117,8,1,43
BRDA:118,9,0,11
BRDA:118,9,1,87
BRDA:145,10,0,6
BRDA:145,10,1,92
BRDA:152,11,0,7
BRDA:152,11,1,91
BRDA:154,12,0,6
BRDA:154,12,1,1
BRF:27
BRH:27
end_of_record
