TN:
SF:/Users/niroj/projects/obs/rtm-kit/packages/bootstrap/src/error-boundary.js
FN:4,(anonymous_0)
FN:9,(anonymous_1)
FN:13,(anonymous_2)
FN:21,(anonymous_3)
FNF:4
FNH:4
FNDA:10,(anonymous_0)
FNDA:1,(anonymous_1)
FNDA:3,(anonymous_2)
FNDA:5,(anonymous_3)
DA:5,10
DA:6,10
DA:10,1
DA:14,3
DA:15,2
DA:18,3
DA:22,5
DA:23,1
DA:26,4
LF:9
LH:9
BRDA:14,0,0,2
BRDA:14,0,1,1
BRDA:22,1,0,1
BRDA:22,1,1,4
BRF:4
BRH:4
end_of_record
TN:
SF:/Users/niroj/projects/obs/rtm-kit/packages/bootstrap/src/index.js
FN:7,(anonymous_0)
FN:23,(anonymous_1)
FNF:2
FNH:2
FNDA:3,(anonymous_0)
FNDA:1,(anonymous_1)
DA:7,1
DA:14,3
DA:15,3
DA:19,3
DA:21,3
DA:23,1
DA:28,3
DA:43,1
LF:8
LH:8
BRDA:10,0,0,2
BRDA:15,1,0,1
BRDA:15,1,1,2
BRDA:19,2,0,3
BRDA:19,2,1,2
BRDA:21,3,0,1
BRDA:21,3,1,2
BRF:7
BRH:7
end_of_record
