TN:
SF:/Users/niroj/projects/obs/rtm-kit/packages/theme/src/index.js
FN:12,(anonymous_0)
FN:18,(anonymous_1)
FNF:2
FNH:2
FNDA:8,(anonymous_0)
FNDA:3,(anonymous_1)
DA:12,1
DA:13,8
DA:18,1
DA:19,3
DA:20,3
DA:31,1
DA:37,1
DA:41,1
DA:45,1
DA:57,1
DA:95,1
DA:97,1
LF:12
LH:12
BRDA:19,0,0,3
BRDA:19,0,1,1
BRDA:23,1,0,3
BRDA:23,1,1,2
BRF:4
BRH:4
end_of_record
TN:
SF:/Users/niroj/projects/obs/rtm-kit/packages/theme/src/reset.js
FNF:0
FNH:0
DA:4,1
LF:1
LH:1
BRF:0
BRH:0
end_of_record
TN:
SF:/Users/niroj/projects/obs/rtm-kit/packages/theme/src/util.js
FN:7,(anonymous_0)
FN:16,(anonymous_1)
FN:19,getIn
FN:27,setIn
FN:51,getWeight
FN:61,(anonymous_5)
FNF:6
FNH:6
FNDA:4,(anonymous_0)
FNDA:1,(anonymous_1)
FNDA:6,getIn
FNDA:4,setIn
FNDA:4,getWeight
FNDA:2,(anonymous_5)
DA:7,1
DA:8,4
DA:10,4
DA:15,1
DA:16,1
DA:20,6
DA:21,6
DA:22,12
DA:24,6
DA:28,4
DA:29,4
DA:30,4
DA:31,4
DA:33,4
DA:34,6
DA:35,6
DA:37,6
DA:38,4
DA:40,2
DA:44,4
DA:46,4
DA:48,4
DA:52,4
DA:58,4
DA:61,1
DA:62,2
DA:63,1
DA:65,1
LF:28
LH:28
BRDA:11,0,0,4
BRDA:11,0,1,1
BRDA:11,0,2,1
BRDA:19,1,0,6
BRDA:19,2,0,6
BRDA:21,3,0,18
BRDA:21,3,1,18
BRDA:37,4,0,4
BRDA:37,4,1,2
BRDA:58,5,0,4
BRDA:58,5,1,1
BRDA:62,6,0,1
BRDA:62,6,1,1
BRF:13
BRH:13
end_of_record
TN:
SF:/Users/niroj/projects/obs/rtm-kit/packages/theme/src/fonts/index.js
FNF:0
FNH:0
DA:4,1
DA:6,1
DA:8,1
DA:10,1
DA:12,1
DA:14,1
DA:16,1
DA:18,1
DA:20,1
DA:22,1
DA:23,1
DA:24,1
DA:25,1
DA:26,1
DA:30,1
LF:15
LH:15
BRF:0
BRH:0
end_of_record
TN:
SF:/Users/niroj/projects/obs/rtm-kit/packages/theme/src/themes/base.js
FNF:0
FNH:0
DA:3,1
DA:4,1
DA:5,1
DA:6,1
DA:8,1
DA:9,1
DA:10,1
DA:11,1
DA:14,1
LF:9
LH:9
BRF:0
BRH:0
end_of_record
TN:
SF:/Users/niroj/projects/obs/rtm-kit/packages/theme/src/themes/colors.js
FNF:0
FNH:0
DA:1,1
DA:2,1
DA:3,1
DA:4,1
DA:5,1
DA:6,1
DA:7,1
DA:8,1
DA:9,1
DA:11,1
DA:23,1
LF:11
LH:11
BRF:0
BRH:0
end_of_record
TN:
SF:/Users/niroj/projects/obs/rtm-kit/packages/theme/src/themes/defaultTheme.js
FNF:0
FNH:0
DA:4,1
DA:19,1
DA:82,1
LF:3
LH:3
BRF:0
BRH:0
end_of_record
TN:
SF:/Users/niroj/projects/obs/rtm-kit/packages/theme/src/themes/fiftyup.js
FNF:0
FNH:0
DA:4,1
DA:11,1
DA:15,1
DA:82,1
LF:4
LH:4
BRF:0
BRH:0
end_of_record
TN:
SF:/Users/niroj/projects/obs/rtm-kit/packages/theme/src/themes/gpml.js
FNF:0
FNH:0
DA:4,1
DA:19,1
DA:82,1
LF:3
LH:3
BRF:0
BRH:0
end_of_record
TN:
SF:/Users/niroj/projects/obs/rtm-kit/packages/theme/src/themes/index.js
FNF:0
FNH:0
DA:9,1
LF:1
LH:1
BRF:0
BRH:0
end_of_record
TN:
SF:/Users/niroj/projects/obs/rtm-kit/packages/theme/src/themes/ninesaver.js
FNF:0
FNH:0
DA:4,1
DA:8,1
DA:75,1
LF:3
LH:3
BRF:0
BRH:0
end_of_record
TN:
SF:/Users/niroj/projects/obs/rtm-kit/packages/theme/src/themes/obs.js
FNF:0
FNH:0
DA:4,1
DA:19,1
DA:82,1
LF:3
LH:3
BRF:0
BRH:0
end_of_record
